40.0 APEX_CODE,FINEST;APEX_PROFILING,INFO;CALLOUT,INFO;DB,INFO;SYSTEM,DEBUG;VALIDATION,INFO;VISUALFORCE,INFO;WAVE,INFO;WORKFLOW,INFO
05:51:49.0 (242057)|USER_INFO|[EXTERNAL]|0056F000006DLaW|lovel@maxvalip.com|Pacific Standard Time|GMT-07:00
05:51:49.0 (274804)|EXECUTION_STARTED
05:51:49.0 (278527)|CODE_UNIT_STARTED|[EXTERNAL]|0666F000007PDi2|VF: /apex/CircleCI
05:51:49.13 (13368945)|CUMULATIVE_LIMIT_USAGE
05:51:49.13 (13368945)|LIMIT_USAGE_FOR_NS|(default)|
  Number of SOQL queries: 0 out of 100
  Number of query rows: 0 out of 50000
  Number of SOSL queries: 0 out of 20
  Number of DML statements: 0 out of 150
  Number of DML rows: 0 out of 10000
  Maximum CPU time: 0 out of 10000
  Maximum heap size: 0 out of 6000000
  Number of callouts: 0 out of 100
  Number of Email Invocations: 0 out of 10
  Number of future calls: 0 out of 50
  Number of queueable jobs added to the queue: 0 out of 50
  Number of Mobile Apex push calls: 0 out of 10

05:51:49.13 (13368945)|CUMULATIVE_LIMIT_USAGE_END

05:51:49.0 (13402903)|CODE_UNIT_FINISHED|VF: /apex/CircleCI
05:51:49.0 (14040096)|EXECUTION_FINISHED
