40.0 APEX_CODE,FINEST;APEX_PROFILING,INFO;CALLOUT,INFO;DB,INFO;SYSTEM,DEBUG;VALIDATION,INFO;VISUALFORCE,INFO;WAVE,INFO;WORKFLOW,INFO
00:06:51.0 (468887)|USER_INFO|[EXTERNAL]|0056F000006DLaW|lovel@maxvalip.com|Pacific Standard Time|GMT-07:00
00:06:51.0 (532540)|EXECUTION_STARTED
00:06:51.0 (536911)|CODE_UNIT_STARTED|[EXTERNAL]|0666F000007PDi2|VF: /apex/CircleCi
00:06:51.15 (15811481)|CUMULATIVE_LIMIT_USAGE
00:06:51.15 (15811481)|LIMIT_USAGE_FOR_NS|(default)|
  Number of SOQL queries: 0 out of 100
  Number of query rows: 0 out of 50000
  Number of SOSL queries: 0 out of 20
  Number of DML statements: 0 out of 150
  Number of DML rows: 0 out of 10000
  Maximum CPU time: 0 out of 10000
  Maximum heap size: 0 out of 6000000
  Number of callouts: 0 out of 100
  Number of Email Invocations: 0 out of 10
  Number of future calls: 0 out of 50
  Number of queueable jobs added to the queue: 0 out of 50
  Number of Mobile Apex push calls: 0 out of 10

00:06:51.15 (15811481)|CUMULATIVE_LIMIT_USAGE_END

00:06:51.0 (15850082)|CODE_UNIT_FINISHED|VF: /apex/CircleCi
00:06:51.0 (16854598)|EXECUTION_FINISHED
